Tue May 16 17:53:50 SAST 2017
info

Tue May 16 17:56:21 SAST 2017
critical error

Tue May 16 17:56:22 SAST 2017
major fault

Tue May 16 17:56:23 SAST 2017
major fault

Tue May 16 17:56:25 SAST 2017
info

Tue May 16 17:56:47 SAST 2017
info

Tue May 16 17:57:09 SAST 2017
critical error

Tue May 16 17:57:09 SAST 2017
major fault

Tue May 16 17:57:11 SAST 2017
info

Tue May 16 18:09:27 SAST 2017
info

Tue May 16 18:19:17 SAST 2017
critical error

Tue May 16 18:21:37 SAST 2017
info

Wed May 17 18:03:03 SAST 2017
critical error
Wed 31 May 17:03:32 SAST 2017
critical error

Wed 31 May 17:08:40 SAST 2017
critical error

Wed 31 May 17:29:48 SAST 2017
major fault

Wed 31 May 17:30:36 SAST 2017
warning

Wed 31 May 18:29:52 SAST 2017
critical error

Wed 31 May 18:52:51 SAST 2017
major fault

Wed 31 May 18:53:40 SAST 2017
critical error

Thu  1 Jun 17:34:36 SAST 2017
critical error

Thu  1 Jun 17:40:12 SAST 2017
info

